{
  "timestamp": "2025-05-25T22:23:47.410Z",
  "summary": {
    "unused": 207,
    "typeMismatch": 18,
    "implicitAny": 17,
    "missingProperty": 10,
    "other": 24
  },
  "details": {
    "unused": [
      "src/components/__tests__/StatusIndicator.test.tsx(4,27): error TS6133: 'StatusType' is declared but its value is never read.",
      "src/components/ActivityFeed.tsx(20,3): error TS6133: 'Alert' is declared but its value is never read.",
      "src/components/ActivityFeed.tsx(39,17): error TS6133: 'ExpandMoreIcon' is declared but its value is never read.",
      "src/components/ActivityFeed.tsx(40,17): error TS6133: 'ExpandLessIcon' is declared but its value is never read.",
      "src/components/ActivityFeed.tsx(87,9): error TS6133: 'user' is declared but its value is never read.",
      "src/components/ActivityFeed.tsx(456,23): error TS6133: 'setUnreadCount' is declared but its value is never read.",
      "src/components/AIImageGenerator.tsx(17,3): error TS6133: 'Slider' is declared but its value is never read.",
      "src/components/AssetUploadModal.tsx(11,3): error TS6133: 'Chip' is declared but its value is never read.",
      "src/components/AssetUploadModal.tsx(93,22): error TS6133: 'path' is declared but its value is never read.",
      "src/components/generate/ResultsTab.tsx(18,3): error TS6133: 'List' is declared but its value is never read.",
      "src/components/generate/ResultsTab.tsx(19,3): error TS6133: 'ListItem' is declared but its value is never read.",
      "src/components/generate/ResultsTab.tsx(20,3): error TS6133: 'ListItemText' is declared but its value is never read.",
      "src/components/generate/ResultsTab.tsx(21,3): error TS6133: 'ListItemIcon' is declared but its value is never read.",
      "src/components/generate/ResultsTab.tsx(22,3): error TS6133: 'ListItemAvatar' is declared but its value is never read.",
      "src/components/generate/ResultsTab.tsx(23,3): error TS6133: 'Avatar' is declared but its value is never read.",
      "src/components/generate/ResultsTab.tsx(36,13): error TS6133: 'DeleteIcon' is declared but its value is never read.",
      "src/components/generate/ResultsTab.tsx(39,17): error TS6133: 'FilterIcon' is declared but its value is never read.",
      "src/components/generate/ResultsTab.tsx(40,13): error TS6133: 'SearchIcon' is declared but its value is never read.",
      "src/components/generate/ResultsTab.tsx(41,14): error TS6133: 'HistoryIcon' is declared but its value is never read.",
      "src/components/generate/ResultsTab.tsx(149,26): error TS6133: 'e' is declared but its value is never read.",
      "src/components/generate/StrategicMotivationsTab.tsx(15,3): error TS6133: 'Stack' is declared but its value is never read.",
      "src/components/generate/VideoGenerationTab.tsx(134,28): error TS6133: 'e' is declared but its value is never read.",
      "src/components/generate/VoiceGenerationTab.tsx(16,3): error TS6133: 'Tooltip' is declared but its value is never read.",
      "src/components/generate/VoiceGenerationTab.tsx(18,3): error TS6133: 'Divider' is declared but its value is never read.",
      "src/components/generate/VoiceGenerationTab.tsx(31,11): error TS6133: 'EditIcon' is declared but its value is never read.",
      "src/components/generate/VoiceGenerationTab.tsx(33,13): error TS6133: 'DeleteIcon' is declared but its value is never read.",
      "src/components/generate/VoiceGenerationTab.tsx(34,20): error TS6133: 'SettingsVoiceIcon' is declared but its value is never read.",
      "src/components/generate/VoiceGenerationTab.tsx(39,17): error TS6133: 'AudiotrackIcon' is declared but its value is never read.",
      "src/components/generate/VoiceGenerationTab.tsx(40,18): error TS6133: 'AutoAwesomeIcon' is declared but its value is never read.",
      "src/components/generate/VoiceGenerationTab.tsx(56,7): error TS6133: 'mockGeneratedVoices' is declared but its value is never read.",
      "src/components/generate/VoiceGenerationTab.tsx(210,32): error TS6133: 'e' is declared but its value is never read.",
      "src/components/MatrixEditor.tsx(23,20): error TS6133: 'DynamicField' is declared but its value is never read.",
      "src/components/TemplateCard.tsx(29,20): error TS6133: 'DynamicField' is declared but its value is never read.",
      "src/contexts/ClientContext.tsx(35,11): error TS6133: 'user' is declared but its value is never read.",
      "src/hooks/useData.ts(398,15): error TS6133: 'data' is declared but its value is never read.",
      "src/lib/auth.ts(2,16): error TS6133: 'AuthTokens' is declared but its value is never read.",
      "src/lib/auth.ts(177,37): error TS6133: 'token' is declared but its value is never read.",
      "src/lib/logger.ts(66,32): error TS6133: 'level' is declared but its value is never read.",
      "src/lib/logger.ts(66,49): error TS6133: 'message' is declared but its value is never read.",
      "src/lib/logger.ts(66,66): error TS6133: 'context' is declared but its value is never read.",
      "src/lib/supabase.ts(15,12): error TS6133: 'table' is declared but its value is never read.",
      "src/lib/supabase.ts(27,14): error TS6133: 'bucket' is declared but its value is never read.",
      "src/middleware/validation.ts(266,3): error TS6133: 'identifier' is declared but its value is never read.",
      "src/middleware/validation.ts(267,3): error TS6133: 'limit' is declared but its value is never read.",
      "src/middleware/validation.ts(268,3): error TS6133: 'window' is declared but its value is never read.",
      "src/pages/admin/users.tsx(33,3): error TS6133: 'Tooltip' is declared but its value is never read.",
      "src/pages/admin/users.tsx(53,12): error TS6133: 'EmailIcon' is declared but its value is never read.",
      "src/pages/admin/users.tsx(54,12): error TS6133: 'PhoneIcon' is declared but its value is never read.",
      "src/pages/admin/users.tsx(55,15): error TS6133: 'BusinessIcon' is declared but its value is never read.",
      "src/pages/admin/users.tsx(56,25): error TS6133: 'AdminIcon' is declared but its value is never read.",
      "src/pages/admin/users.tsx(453,46): error TS6133: 'e' is declared but its value is never read.",
      "src/pages/admin/users.tsx(585,30): error TS6133: 'e' is declared but its value is never read.",
      "src/pages/analytics.tsx(16,3): error TS6133: 'IconButton' is declared but its value is never read.",
      "src/pages/analytics.tsx(35,3): error TS6133: 'ListItemIcon' is declared but its value is never read.",
      "src/pages/analytics.tsx(46,13): error TS6133: 'AudienceIcon' is declared but its value is never read.",
      "src/pages/analytics.tsx(49,15): error TS6133: 'PieChartIcon' is declared but its value is never read.",
      "src/pages/analytics.tsx(51,20): error TS6133: 'CalendarIcon' is declared but its value is never read.",
      "src/pages/analytics.tsx(59,15): error TS6133: 'InsightsIcon' is declared but its value is never read.",
      "src/pages/analytics.tsx(64,3): error TS6133: 'LineChart' is declared but its value is never read.",
      "src/pages/analytics.tsx(65,3): error TS6133: 'Line' is declared but its value is never read.",
      "src/pages/analytics.tsx(183,17): error TS6133: 'matrices' is declared but its value is never read.",
      "src/pages/analytics.tsx(385,48): error TS6133: 'e' is declared but its value is never read.",
      "src/pages/analytics.tsx(403,32): error TS6133: 'e' is declared but its value is never read.",
      "src/pages/api/ai/generate.ts(48,28): error TS6133: 'prompt' is declared but its value is never read.",
      "src/pages/api/ai/generate.ts(53,28): error TS6133: 'prompt' is declared but its value is never read.",
      "src/pages/api/ai/generate.ts(72,27): error TS6133: 'parameters' is declared but its value is never read.",
      "src/pages/api/assets/[id].ts(114,3): error TS6133: 'req' is declared but its value is never read.",
      "src/pages/api/assets/[id].ts(176,3): error TS6133: 'req' is declared but its value is never read.",
      "src/pages/api/assets/index.ts(115,3): error TS6133: 'req' is declared but its value is never read.",
      "src/pages/api/brief-upload.ts(20,31): error TS6133: 'fields' is declared but its value is never read.",
      "src/pages/api/briefs/upload.ts(6,1): error TS6133: 'path' is declared but its value is never read.",
      "src/pages/api/briefs/upload.ts(128,19): error TS6133: 'uploadData' is declared but its value is never read.",
      "src/pages/api/clients/[id].ts(18,9): error TS6133: 'isDemo' is declared but its value is never read.",
      "src/pages/api/clients/index.ts(61,3): error TS6133: 'req' is declared but its value is never read.",
      "src/pages/api/dalle.ts(219,19): error TS6133: 'uploadData' is declared but its value is never read.",
      "src/pages/api/export-analytics.ts(19,24): error TS6133: 'user_id' is declared but its value is never read.",
      "src/pages/api/status.ts(9,3): error TS6133: 'req' is declared but its value is never read.",
      "src/pages/assets.tsx(53,28): error TS6133: 'event' is declared but its value is never read.",
      "src/pages/assets.tsx(90,33): error TS6133: 'newAsset' is declared but its value is never read.",
      "src/pages/campaigns/[id].tsx(2,10): error TS6133: 'getTargeting' is declared but its value is never read.",
      "src/pages/campaigns/[id].tsx(2,24): error TS6133: 'getSchedule' is declared but its value is never read.",
      "src/pages/campaigns/[id].tsx(2,53): error TS6133: 'getBudgetSpent' is declared but its value is never read.",
      "src/pages/campaigns/[id].tsx(105,28): error TS6133: 'event' is declared but its value is never read.",
      "src/pages/campaigns/[id].tsx(411,62): error TS6133: 'context' is declared but its value is never read.",
      "src/pages/campaigns/[id]/edit.tsx(2,37): error TS6133: 'getBudgetTotal' is declared but its value is never read.",
      "src/pages/campaigns/[id]/edit.tsx(2,53): error TS6133: 'getBudgetSpent' is declared but its value is never read.",
      "src/pages/campaigns/[id]/edit.tsx(14,3): error TS6133: 'FormLabel' is declared but its value is never read.",
      "src/pages/campaigns/[id]/edit.tsx(21,3): error TS6133: 'IconButton' is declared but its value is never read.",
      "src/pages/campaigns/[id]/edit.tsx(22,3): error TS6133: 'Tooltip' is declared but its value is never read.",
      "src/pages/campaigns/[id]/edit.tsx(24,3): error TS6133: 'Chip' is declared but its value is never read.",
      "src/pages/campaigns/[id]/edit.tsx(503,62): error TS6133: 'context' is declared but its value is never read.",
      "src/pages/campaigns/new.tsx(23,3): error TS6133: 'IconButton' is declared but its value is never read.",
      "src/pages/campaigns/new.tsx(24,3): error TS6133: 'Tooltip' is declared but its value is never read.",
      "src/pages/campaigns/new.tsx(38,3): error TS6133: 'AttachMoney' is declared but its value is never read.",
      "src/pages/campaigns/new.tsx(39,3): error TS6133: 'CalendarToday' is declared but its value is never read.",
      "src/pages/campaigns/new.tsx(47,7): error TS6133: 'steps' is declared but its value is never read.",
      "src/pages/clients/[id].tsx(17,3): error TS6133: 'Divider' is declared but its value is never read.",
      "src/pages/clients/[id].tsx(19,3): error TS6133: 'CardContent' is declared but its value is never read.",
      "src/pages/clients/[id].tsx(28,3): error TS6133: 'FormControl' is declared but its value is never read.",
      "src/pages/clients/[id].tsx(29,3): error TS6133: 'InputLabel' is declared but its value is never read.",
      "src/pages/clients/[id].tsx(30,3): error TS6133: 'Select' is declared but its value is never read.",
      "src/pages/clients/[id].tsx(31,3): error TS6133: 'MenuItem' is declared but its value is never read.",
      "src/pages/clients/[id].tsx(42,13): error TS6133: 'PersonIcon' is declared but its value is never read.",
      "src/pages/clients/[id].tsx(283,45): error TS6133: 'e' is declared but its value is never read.",
      "src/pages/create-client.tsx(12,3): error TS6133: 'Chip' is declared but its value is never read.",
      "src/pages/create-client.tsx(19,18): error TS6133: 'DescriptionIcon' is declared but its value is never read.",
      "src/pages/dashboard.tsx(1,17): error TS6133: 'useEffect' is declared but its value is never read.",
      "src/pages/dashboard.tsx(16,3): error TS6133: 'LinearProgress' is declared but its value is never read.",
      "src/pages/dashboard.tsx(19,16): error TS6133: 'DashboardIcon' is declared but its value is never read.",
      "src/pages/dashboard.tsx(21,19): error TS6133: 'VideoIcon' is declared but its value is never read.",
      "src/pages/dashboard.tsx(53,25): error TS6133: 'clients' is declared but its value is never read.",
      "src/pages/execute.tsx(8,3): error TS6133: 'CardActions' is declared but its value is never read.",
      "src/pages/execute.tsx(11,3): error TS6133: 'IconButton' is declared but its value is never read.",
      "src/pages/execute.tsx(54,18): error TS6133: 'CopyIcon' is declared but its value is never read.",
      "src/pages/execute.tsx(55,22): error TS6133: 'FileIcon' is declared but its value is never read.",
      "src/pages/execute.tsx(56,12): error TS6133: 'ImageIcon' is declared but its value is never read.",
      "src/pages/execute.tsx(57,16): error TS6133: 'VideoIcon' is declared but its value is never read.",
      "src/pages/execute.tsx(59,12): error TS6133: 'GroupIcon' is declared but its value is never read.",
      "src/pages/execute.tsx(61,16): error TS6133: 'AnalyticsIcon' is declared but its value is never read.",
      "src/pages/execute.tsx(108,9): error TS6133: 'router' is declared but its value is never read.",
      "src/pages/execute.tsx(113,17): error TS6133: 'assets' is declared but its value is never read.",
      "src/pages/execute.tsx(123,10): error TS6133: 'executingTask' is declared but its value is never read.",
      "src/pages/execute.tsx(216,9): error TS6133: 'activeCampaigns' is declared but its value is never read.",
      "src/pages/generate-enhanced.tsx(14,3): error TS6133: 'CardActionArea' is declared but its value is never read.",
      "src/pages/generate-enhanced.tsx(19,3): error TS6133: 'Divider' is declared but its value is never read.",
      "src/pages/generate-enhanced.tsx(26,3): error TS6133: 'FormControl' is declared but its value is never read.",
      "src/pages/generate-enhanced.tsx(27,3): error TS6133: 'InputLabel' is declared but its value is never read.",
      "src/pages/generate-enhanced.tsx(28,3): error TS6133: 'Select' is declared but its value is never read.",
      "src/pages/generate-enhanced.tsx(29,3): error TS6133: 'MenuItem' is declared but its value is never read.",
      "src/pages/generate-enhanced.tsx(31,3): error TS6133: 'FormControlLabel' is declared but its value is never read.",
      "src/pages/generate-enhanced.tsx(32,3): error TS6133: 'Switch' is declared but its value is never read.",
      "src/pages/generate-enhanced.tsx(33,3): error TS6133: 'Radio' is declared but its value is never read.",
      "src/pages/generate-enhanced.tsx(34,3): error TS6133: 'RadioGroup' is declared but its value is never read.",
      "src/pages/generate-enhanced.tsx(37,3): error TS6133: 'Avatar' is declared but its value is never read.",
      "src/pages/generate-enhanced.tsx(38,3): error TS6133: 'List' is declared but its value is never read.",
      "src/pages/generate-enhanced.tsx(39,3): error TS6133: 'ListItem' is declared but its value is never read.",
      "src/pages/generate-enhanced.tsx(40,3): error TS6133: 'ListItemText' is declared but its value is never read.",
      "src/pages/generate-enhanced.tsx(41,3): error TS6133: 'ListItemIcon' is declared but its value is never read.",
      "src/pages/generate-enhanced.tsx(42,3): error TS6133: 'ListItemAvatar' is declared but its value is never read.",
      "src/pages/generate-enhanced.tsx(43,3): error TS6133: 'ListItemButton' is declared but its value is never read.",
      "src/pages/generate-enhanced.tsx(44,3): error TS6133: 'Accordion' is declared but its value is never read.",
      "src/pages/generate-enhanced.tsx(45,3): error TS6133: 'AccordionSummary' is declared but its value is never read.",
      "src/pages/generate-enhanced.tsx(46,3): error TS6133: 'AccordionDetails' is declared but its value is never read.",
      "src/pages/generate-enhanced.tsx(59,13): error TS6133: 'DeleteIcon' is declared but its value is never read.",
      "src/pages/generate-enhanced.tsx(63,11): error TS6133: 'TuneIcon' is declared but its value is never read.",
      "src/pages/generate-enhanced.tsx(67,22): error TS6133: 'ColorIcon' is declared but its value is never read.",
      "src/pages/generate-enhanced.tsx(69,14): error TS6133: 'PaletteIcon' is declared but its value is never read.",
      "src/pages/generate-enhanced.tsx(70,12): error TS6133: 'BrushIcon' is declared but its value is never read.",
      "src/pages/generate-enhanced.tsx(71,11): error TS6133: 'CropIcon' is declared but its value is never read.",
      "src/pages/generate-enhanced.tsx(73,20): error TS6133: 'SettingsVoiceIcon' is declared but its value is never read.",
      "src/pages/generate-enhanced.tsx(74,12): error TS6133: 'SpeedIcon' is declared but its value is never read.",
      "src/pages/generate-enhanced.tsx(75,22): error TS6133: 'RecordVoiceOverIcon' is declared but its value is never read.",
      "src/pages/generate-enhanced.tsx(76,15): error TS6133: 'LanguageIcon' is declared but its value is never read.",
      "src/pages/generate-enhanced.tsx(77,13): error TS6133: 'PersonIcon' is declared but its value is never read.",
      "src/pages/generate-enhanced.tsx(78,17): error TS6133: 'AudiotrackIcon' is declared but its value is never read.",
      "src/pages/generate-enhanced.tsx(80,12): error TS6133: 'PauseIcon' is declared but its value is never read.",
      "src/pages/generate-enhanced.tsx(82,17): error TS6133: 'VisibilityIcon' is declared but its value is never read.",
      "src/pages/generate-enhanced.tsx(83,20): error TS6133: 'VisibilityOffIcon' is declared but its value is never read.",
      "src/pages/generate-enhanced.tsx(84,17): error TS6133: 'ExpandMoreIcon' is declared but its value is never read.",
      "src/pages/generate-enhanced.tsx(86,14): error TS6133: 'HistoryIcon' is declared but its value is never read.",
      "src/pages/generate-enhanced.tsx(87,13): error TS6133: 'FolderIcon' is declared but its value is never read.",
      "src/pages/generate-enhanced.tsx(340,28): error TS6133: 'event' is declared but its value is never read.",
      "src/pages/generate-enhanced.tsx(1238,36): error TS6133: 'e' is declared but its value is never read.",
      "src/pages/matrix.tsx(34,3): error TS6133: 'SpeedDial' is declared but its value is never read.",
      "src/pages/matrix.tsx(35,3): error TS6133: 'SpeedDialAction' is declared but its value is never read.",
      "src/pages/matrix.tsx(36,3): error TS6133: 'SpeedDialIcon' is declared but its value is never read.",
      "src/pages/matrix.tsx(40,3): error TS6133: 'Tooltip' is declared but its value is never read.",
      "src/pages/matrix.tsx(41,3): error TS6133: 'Badge' is declared but its value is never read.",
      "src/pages/matrix.tsx(52,11): error TS6133: 'EditIcon' is declared but its value is never read.",
      "src/pages/matrix.tsx(54,12): error TS6133: 'CheckIcon' is declared but its value is never read.",
      "src/pages/matrix.tsx(55,12): error TS6133: 'CloseIcon' is declared but its value is never read.",
      "src/pages/matrix.tsx(67,14): error TS6133: 'CompareIcon' is declared but its value is never read.",
      "src/pages/matrix.tsx(68,15): error TS6133: 'TimelineIcon' is declared but its value is never read.",
      "src/pages/matrix.tsx(69,14): error TS6133: 'ShuffleIcon' is declared but its value is never read.",
      "src/pages/matrix.tsx(70,18): error TS6133: 'ApproveIcon' is declared but its value is never read.",
      "src/pages/matrix.tsx(119,25): error TS6133: 'updateMatrix' is declared but its value is never read.",
      "src/pages/matrix.tsx(324,13): error TS6133: 'data' is declared but its value is never read.",
      "src/pages/matrix.tsx(515,52): error TS6133: 'e' is declared but its value is never read.",
      "src/pages/sign-off.tsx(27,3): error TS6133: 'LinearProgress' is declared but its value is never read.",
      "src/pages/sign-off.tsx(41,14): error TS6133: 'CommentIcon' is declared but its value is never read.",
      "src/pages/sign-off.tsx(45,14): error TS6133: 'HistoryIcon' is declared but its value is never read.",
      "src/pages/sign-off.tsx(46,20): error TS6133: 'CalendarIcon' is declared but its value is never read.",
      "src/pages/sign-off.tsx(48,12): error TS6133: 'EmailIcon' is declared but its value is never read.",
      "src/pages/sign-off.tsx(49,17): error TS6133: 'AttachmentIcon' is declared but its value is never read.",
      "src/pages/sign-off.tsx(55,1): error TS6133: 'ErrorMessage' is declared but its value is never read.",
      "src/pages/sign-off.tsx(106,9): error TS6133: 'router' is declared but its value is never read.",
      "src/pages/sign-off.tsx(242,28): error TS6133: 'event' is declared but its value is never read.",
      "src/pages/strategic-content.tsx(19,3): error TS6133: 'SelectChangeEvent' is declared but its value is never read.",
      "src/pages/strategic-content.tsx(25,3): error TS6133: 'Divider' is declared but its value is never read.",
      "src/pages/strategic-content.tsx(34,3): error TS6133: 'FormControlLabel' is declared but its value is never read.",
      "src/pages/strategic-content.tsx(35,3): error TS6133: 'Switch' is declared but its value is never read.",
      "src/pages/strategic-content.tsx(45,11): error TS6133: 'EditIcon' is declared but its value is never read.",
      "src/pages/strategic-content.tsx(46,18): error TS6133: 'DuplicateIcon' is declared but its value is never read.",
      "src/pages/strategic-content.tsx(57,14): error TS6133: 'HistoryIcon' is declared but its value is never read.",
      "src/pages/strategic-content.tsx(61,1): error TS6133: 'LoadingSkeleton' is declared but its value is never read.",
      "src/pages/strategic-content.tsx(120,9): error TS6133: 'router' is declared but its value is never read.",
      "src/pages/strategic-content.tsx(129,10): error TS6133: 'openDialog' is declared but its value is never read.",
      "src/pages/strategic-content.tsx(129,22): error TS6133: 'setOpenDialog' is declared but its value is never read.",
      "src/pages/strategic-content.tsx(131,10): error TS6133: 'currentContent' is declared but its value is never read.",
      "src/pages/strategic-content.tsx(131,26): error TS6133: 'setCurrentContent' is declared but its value is never read.",
      "src/pages/strategic-content.tsx(152,28): error TS6133: 'event' is declared but its value is never read.",
      "src/pages/templates.tsx(228,36): error TS6133: 'template' is declared but its value is never read.",
      "src/pages/templates.tsx(237,39): error TS6133: 'templateId' is declared but its value is never read.",
      "src/services/creatomate.ts(170,5): error TS6133: 'templateId' is declared but its value is never read.",
      "src/services/creatomate.ts(267,33): error TS6133: 'options' is declared but its value is never read.",
      "src/utils/campaign-helpers.ts(1,1): error TS6133: 'React' is declared but its value is never read.",
      "src/utils/formValidation.tsx(2,10): error TS6133: 'TextField' is declared but its value is never read."
    ],
    "typeMismatch": [
      "src/components/ActivityFeed.tsx(173,11): error TS2322: Type 'string | undefined' is not assignable to type 'string'.",
      "src/contexts/ClientContext.tsx(258,13): error TS2322: Type '{ lastModified: string; version: number; name?: string; industry?: string; logo?: string; primaryColor?: string; secondaryColor?: string; description?: string; website?: string; socialMedia?: { instagram?: string; facebook?: string; twitter?: string; linkedin?: string; tiktok?: string; youtube?: string; }; ... 7 mor...' is not assignable to type 'Client'.",
      "src/contexts/NotificationContext.tsx(52,11): error TS2322: Type '(props: SlideProps) => Element' is not assignable to type 'JSXElementConstructor<TransitionProps & { children: ReactElement<any, any>; }>'.",
      "src/middleware/validation.ts(106,37): error TS2322: Type '{ field: string; message: string; }[]' is not assignable to type 'string | number | boolean | LogContext | null | undefined'.",
      "src/pages/api/auth/login.ts(63,50): error TS2322: Type 'string | string[]' is not assignable to type 'string | number | boolean | LogContext | null | undefined'.",
      "src/pages/api/auth/login.ts(76,49): error TS2322: Type 'string | string[]' is not assignable to type 'string | number | boolean | LogContext | null | undefined'.",
      "src/pages/api/auth/login.ts(102,43): error TS2322: Type 'string | string[]' is not assignable to type 'string | number | boolean | LogContext | null | undefined'.",
      "src/pages/api/auth/login.ts(144,9): error TS2322: Type '{ id: string; email: string; name: string | undefined; role: string; }' is not assignable to type '{ id: string; email: string; name: string; role: string; }'.",
      "src/pages/api/auth/login.ts(227,32): error TS2345: Argument of type 'string | undefined' is not assignable to parameter of type 'string'.",
      "src/pages/api/dalle.ts(106,25): error TS2345: Argument of type 'string | undefined' is not assignable to parameter of type 'string'.",
      "src/pages/api/dalle.ts(107,26): error TS2345: Argument of type 'string | undefined' is not assignable to parameter of type 'string'.",
      "src/pages/campaigns/new.tsx(335,31): error TS2322: Type '{ label: string; value: Date | null; onChange: (newValue: unknown) => void; slotProps: { textField: { fullWidth: boolean; error: boolean; helperText: string | undefined; }; }; }' is not assignable to type 'IntrinsicAttributes & DatePickerProps<unknown, unknown> & RefAttributes<HTMLDivElement>'.",
      "src/pages/clients/[id].tsx(137,21): error TS2345: Argument of type 'Client | undefined' is not assignable to parameter of type 'SetStateAction<Client | null>'.",
      "src/pages/matrix.tsx(225,20): error TS2345: Argument of type '(prev: FieldValue[]) => (FieldValue | { value: string | undefined; assetId: string | undefined; asset: Asset | undefined; fieldId: string; variationId: string; })[]' is not assignable to parameter of type 'SetStateAction<FieldValue[]>'.",
      "src/pages/strategic-content.tsx(582,75): error TS2322: Type '\"content\" | \"product\" | \"campaign\" | \"general\"' is not assignable to type '\"campaign\"'.",
      "src/services/creatomate.ts(283,32): error TS2345: Argument of type 'string | undefined' is not assignable to parameter of type 'string'.",
      "src/services/creatomate.ts(317,5): error TS2322: Type 'string | undefined' is not assignable to type 'string'.",
      "src/services/creatomate.ts(332,5): error TS2322: Type 'string | undefined' is not assignable to type 'string'."
    ],
    "implicitAny": [
      "src/pages/clients.tsx(93,43): error TS7006: Parameter 'client' implicitly has an 'any' type.",
      "src/pages/clients.tsx(178,33): error TS7006: Parameter 'client' implicitly has an 'any' type.",
      "src/pages/execute.tsx(216,45): error TS7006: Parameter 'c' implicitly has an 'any' type.",
      "src/pages/execute.tsx(217,44): error TS7006: Parameter 'c' implicitly has an 'any' type.",
      "src/pages/execute.tsx(218,20): error TS7006: Parameter 'm' implicitly has an 'any' type.",
      "src/pages/execute.tsx(354,43): error TS7006: Parameter 'campaign' implicitly has an 'any' type.",
      "src/pages/matrix.tsx(143,39): error TS7006: Parameter 't' implicitly has an 'any' type.",
      "src/pages/matrix.tsx(355,47): error TS7006: Parameter 'template' implicitly has an 'any' type.",
      "src/pages/matrix.tsx(460,62): error TS7006: Parameter 'c' implicitly has an 'any' type.",
      "src/pages/matrix.tsx(465,43): error TS7006: Parameter 'campaign' implicitly has an 'any' type.",
      "src/pages/matrix.tsx(815,33): error TS7006: Parameter 'asset' implicitly has an 'any' type.",
      "src/pages/matrix.tsx(818,24): error TS7006: Parameter 'asset' implicitly has an 'any' type.",
      "src/pages/sign-off.tsx(124,30): error TS7006: Parameter 'campaign' implicitly has an 'any' type.",
      "src/pages/sign-off.tsx(161,32): error TS7006: Parameter 'matrix' implicitly has an 'any' type.",
      "src/pages/sign-off.tsx(161,76): error TS7006: Parameter 'matrix' implicitly has an 'any' type.",
      "src/pages/sign-off.tsx(202,30): error TS7006: Parameter 'asset' implicitly has an 'any' type.",
      "src/pages/strategic-content.tsx(599,46): error TS7006: Parameter 'campaign' implicitly has an 'any' type."
    ],
    "missingProperty": [
      "src/middleware/validation.ts(287,36): error TS2339: Property 'min' does not exist on type 'ZodEffects<ZodEffects<ZodEffects<ZodString, string, string>, string, string>, string, string>'.",
      "src/middleware/validation.ts(292,36): error TS2339: Property 'min' does not exist on type 'ZodEffects<ZodEffects<ZodEffects<ZodString, string, string>, string, string>, string, string>'.",
      "src/middleware/validation.ts(308,37): error TS2339: Property 'min' does not exist on type 'ZodEffects<ZodEffects<ZodEffects<ZodString, string, string>, string, string>, string, string>'.",
      "src/pages/campaigns/[id].tsx(350,43): error TS2339: Property 'total' does not exist on type 'number | { total: number; spent: number; currency: string; }'.",
      "src/pages/campaigns/[id]/edit.tsx(107,34): error TS2339: Property 'total' does not exist on type 'number | { total: number; spent: number; currency: string; }'.",
      "src/pages/campaigns/[id]/edit.tsx(108,29): error TS2339: Property 'schedule' does not exist on type 'Campaign | UICampaign'.",
      "src/pages/campaigns/[id]/edit.tsx(109,27): error TS2339: Property 'schedule' does not exist on type 'Campaign | UICampaign'.",
      "src/pages/campaigns/[id]/edit.tsx(183,34): error TS2339: Property 'total' does not exist on type 'number | { total: number; spent: number; currency: string; }'.",
      "src/pages/campaigns/[id]/edit.tsx(184,29): error TS2339: Property 'schedule' does not exist on type 'Campaign | UICampaign'.",
      "src/pages/campaigns/[id]/edit.tsx(185,27): error TS2339: Property 'schedule' does not exist on type 'Campaign | UICampaign'."
    ],
    "other": [
      "src/components/__tests__/ErrorBoundary.test.tsx(50,5): error TS2578: Unused '@ts-expect-error' directive.",
      "src/components/__tests__/ErrorBoundary.test.tsx(62,5): error TS2578: Unused '@ts-expect-error' directive.",
      "src/components/__tests__/ErrorBoundary.test.tsx(69,5): error TS2578: Unused '@ts-expect-error' directive.",
      "src/components/__tests__/ErrorBoundary.test.tsx(81,5): error TS2578: Unused '@ts-expect-error' directive.",
      "src/contexts/ClientContext.tsx(262,18): error TS18048: 'existingClient' is possibly 'undefined'.",
      "src/lib/auth.ts(84,5): error TS2375: Type '{ user: User; token: string | undefined; emailConfirmationRequired: boolean | undefined; }' is not assignable to type '{ user: User; token?: string; emailConfirmationRequired?: boolean; }' with 'exactOptionalPropertyTypes: true'. Consider adding 'undefined' to the types of the target's properties.",
      "src/lib/supabase.ts(64,12): error TS2551: Property 'SUPABASE_SERVICE_KEY' does not exist on type '{ NEXT_PUBLIC_DEMO_MODE: \"true\" | \"false\"; NEXT_PUBLIC_API_URL: string; JWT_EXPIRY: string; REFRESH_TOKEN_EXPIRY: string; STORAGE_BUCKET: string; MAX_FILE_SIZE: number; ALLOWED_ORIGINS: string[]; ... 18 more ...; SENTRY_ENVIRONMENT?: string | undefined; }'. Did you mean 'SUPABASE_SERVICE_ROLE_KEY'?",
      "src/lib/supabase.ts(71,9): error TS2551: Property 'SUPABASE_SERVICE_KEY' does not exist on type '{ NEXT_PUBLIC_DEMO_MODE: \"true\" | \"false\"; NEXT_PUBLIC_API_URL: string; JWT_EXPIRY: string; REFRESH_TOKEN_EXPIRY: string; STORAGE_BUCKET: string; MAX_FILE_SIZE: number; ALLOWED_ORIGINS: string[]; ... 18 more ...; SENTRY_ENVIRONMENT?: string | undefined; }'. Did you mean 'SUPABASE_SERVICE_ROLE_KEY'?",
      "src/middleware/validation.ts(185,14): error TS7022: 'fileValidation' implicitly has type 'any' because it does not have a type annotation and is referenced directly or indirectly in its own initializer.",
      "src/middleware/validation.ts(208,68): error TS2731: Implicit conversion of a 'symbol' to a 'string' will fail at runtime. Consider wrapping this expression in 'String(...)'.",
      "src/pages/api/auth/login.ts(38,31): error TS2379: Argument of type '{ method: string | undefined; headers: Headers; body: string | undefined; }' is not assignable to parameter of type 'RequestInit' with 'exactOptionalPropertyTypes: true'. Consider adding 'undefined' to the types of the target's properties.",
      "src/pages/api/auth/login.ts(227,56): error TS2538: Type 'undefined' cannot be used as an index type.",
      "src/pages/api/auth/login.ts(232,7): error TS2769: No overload matches this call.",
      "src/pages/campaigns/[id].tsx(183,18): error TS2769: No overload matches this call.",
      "src/pages/campaigns/[id].tsx(246,26): error TS2769: No overload matches this call.",
      "src/pages/clients/[id].tsx(405,20): error TS2769: No overload matches this call.",
      "src/pages/execute.tsx(141,11): error TS2375: Type '{ id: string; campaignId: string; campaignName: string; platforms: string[]; scheduledDate: string | undefined; status: \"pending\"; progress: number; assets: { id: string; name: string; type: string; platform: string; status: \"ready\"; }[]; }' is not assignable to type 'ExecutionTask' with 'exactOptionalPropertyTypes: true'. Consider adding 'undefined' to the types of the target's properties.",
      "src/pages/execute.tsx(534,26): error TS2552: Cannot find name 'ListItemText'. Did you mean 'ListItem'?",
      "src/pages/matrix.tsx(156,30): error TS2379: Argument of type '{ fieldId: string; variationId: string; value: string | undefined; }' is not assignable to parameter of type 'FieldValue' with 'exactOptionalPropertyTypes: true'. Consider adding 'undefined' to the types of the target's properties.",
      "src/pages/matrix.tsx(180,29): error TS2379: Argument of type '{ fieldId: string; variationId: string; value: string | undefined; }' is not assignable to parameter of type 'FieldValue' with 'exactOptionalPropertyTypes: true'. Consider adding 'undefined' to the types of the target's properties.",
      "src/pages/matrix.tsx(258,24): error TS2532: Object is possibly 'undefined'.",
      "src/pages/matrix.tsx(609,41): error TS2412: Type 'boolean | 0 | undefined' is not assignable to type 'boolean | undefined' with 'exactOptionalPropertyTypes: true'. Consider adding 'undefined' to the type of the target.",
      "src/services/creatomate.ts(379,40): error TS7030: Not all code paths return a value.",
      "src/utils/campaign-helpers.ts(2,54): error TS2307: Cannot find module '../../types' or its corresponding type declarations."
    ]
  }
}